<?xml version="1.0" encoding="UTF-8"?>
<!-- Generated by org.testng.reporters.JUnitReportReporter -->
<testsuite hostname="AHS-LP-181" failures="0" tests="2" name="com.testcases.HomePageTest" time="40.209" errors="0" timestamp="2022-05-03T12:18:17 IST" skipped="0">
  <testcase classname="com.testcases.HomePageTest" name="verifyWhishList" time="21.074"/>
  <system-out/>
  <testcase classname="com.testcases.HomePageTest" name="verifyOrderHistory" time="19.135"/>
  <system-out/>
</testsuite> <!-- com.testcases.HomePageTest -->
