<?xml version="1.0" encoding="UTF-8"?>
<!-- Generated by org.testng.reporters.JUnitReportReporter -->
<testsuite hostname="AHS-LP-181" failures="0" tests="2" name="com.testcases.Indexpagetest" time="43.909" errors="0" timestamp="2022-05-05T19:42:12 IST" skipped="0">
  <testcase classname="com.testcases.Indexpagetest" name="verifylogo" time="22.323"/>
  <system-out/>
  <testcase classname="com.testcases.Indexpagetest" name="verifyTitle" time="21.586"/>
  <system-out/>
</testsuite> <!-- com.testcases.Indexpagetest -->
