<?xml version="1.0" encoding="UTF-8"?>
<!-- Generated by org.testng.reporters.JUnitReportReporter -->
<testsuite hostname="AHS-LP-181" failures="0" tests="2" name="com.testcases.Indexpagetest" time="2.187" errors="0" timestamp="2022-04-28T20:34:43 IST" skipped="0">
  <testcase classname="com.testcases.Indexpagetest" name="verifylogo" time="0.418"/>
  <system-out/>
  <testcase classname="com.testcases.Indexpagetest" name="verifyTitle" time="1.769"/>
  <system-out/>
</testsuite> <!-- com.testcases.Indexpagetest -->
