<?xml version="1.0" encoding="UTF-8"?>
<!-- Generated by org.testng.reporters.JUnitReportReporter -->
<testsuite hostname="AHS-LP-181" failures="0" tests="2" name="com.testcases.HomePageTest" time="84.427" errors="0" timestamp="2022-05-02T14:39:58 IST" skipped="0">
  <testcase classname="com.testcases.HomePageTest" name="verifyOrderHistory" time="41.827"/>
  <system-out/>
  <testcase classname="com.testcases.HomePageTest" name="verifyWhishList" time="42.600"/>
  <system-out/>
</testsuite> <!-- com.testcases.HomePageTest -->
