<?xml version="1.0" encoding="UTF-8"?>
<!-- Generated by org.testng.reporters.JUnitReportReporter -->
<testsuite hostname="AHS-LP-181" failures="0" tests="1" name="com.testcases.SearchResultsTest" time="36.277" errors="0" timestamp="2022-05-02T14:39:58 IST" skipped="0">
  <testcase classname="com.testcases.SearchResultsTest" name="verifySearchProduct" time="36.277"/>
  <system-out/>
</testsuite> <!-- com.testcases.SearchResultsTest -->
