<?xml version="1.0" encoding="UTF-8"?>
<!-- Generated by org.testng.reporters.JUnitReportReporter -->
<testsuite hostname="AHS-LP-181" failures="0" tests="2" name="com.testcases.HomePageTest" time="71.227" errors="0" timestamp="2022-05-05T19:42:12 IST" skipped="0">
  <testcase classname="com.testcases.HomePageTest" name="verifyWhishList" time="35.959"/>
  <system-out/>
  <testcase classname="com.testcases.HomePageTest" name="verifyOrderHistory" time="35.268"/>
  <system-out/>
</testsuite> <!-- com.testcases.HomePageTest -->
