<?xml version="1.0" encoding="UTF-8"?>
<!-- Generated by org.testng.reporters.JUnitReportReporter -->
<testsuite hostname="AHS-LP-181" failures="0" tests="2" name="com.testcases.Indexpagetest" time="30.565" errors="0" timestamp="2022-05-03T12:27:48 IST" skipped="0">
  <testcase classname="com.testcases.Indexpagetest" name="verifyTitle" time="15.563"/>
  <system-out/>
  <testcase classname="com.testcases.Indexpagetest" name="verifylogo" time="15.002"/>
  <system-out/>
</testsuite> <!-- com.testcases.Indexpagetest -->
