<?xml version="1.0" encoding="UTF-8"?>
<!-- Generated by org.testng.reporters.JUnitReportReporter -->
<testsuite hostname="AHS-LP-181" failures="0" tests="2" name="com.testcases.Indexpagetest" time="79.387" errors="0" timestamp="2022-05-02T18:15:23 IST" skipped="0">
  <testcase classname="com.testcases.Indexpagetest" name="verifyTitle" time="56.655"/>
  <system-out/>
  <testcase classname="com.testcases.Indexpagetest" name="verifylogo" time="22.732"/>
  <system-out/>
</testsuite> <!-- com.testcases.Indexpagetest -->
