<?xml version="1.0" encoding="UTF-8"?>
<!-- Generated by org.testng.reporters.JUnitReportReporter -->
<testsuite hostname="AHS-LP-181" failures="0" tests="1" name="com.testcases.LoginPageTest" time="26.240" errors="0" timestamp="2022-05-03T12:14:17 IST" skipped="0">
  <testcase classname="com.testcases.LoginPageTest" name="login" time="26.240"/>
  <system-out/>
</testsuite> <!-- com.testcases.LoginPageTest -->
